#
# There is insufficient memory for the Java Runtime Environment to continue.
# Native memory allocation (mmap) failed to map 123731968 bytes. Error detail: G1 virtual space
# Possible reasons:
#   The system is out of physical RAM or swap space
#   This process is running with CompressedOops enabled, and the Java Heap may be blocking the growth of the native heap
# Possible solutions:
#   Reduce memory load on the system
#   Increase physical memory or swap space
#   Check if swap backing store is full
#   Decrease Java heap size (-Xmx/-Xms)
#   Decrease number of Java threads
#   Decrease Java thread stack sizes (-Xss)
#   Set larger code cache with -XX:ReservedCodeCacheSize=
#   JVM is running with Unscaled Compressed Oops mode in which the Java heap is
#     placed in the first 4GB address space. The Java Heap base address is the
#     maximum limit for the native heap growth. Please use -XX:HeapBaseMinAddress
#     to set the Java Heap base and to place the Java Heap above 4GB virtual address.
# This output file may be truncated or incomplete.
#
#  Out of Memory Error (os_windows.cpp:3618), pid=12724, tid=25936
#
# JRE version:  (17.0.17+10) (build )
# Java VM: OpenJDK 64-Bit Server VM (17.0.17+10, mixed mode, emulated-client, sharing, tiered, compressed oops, compressed class ptrs, g1 gc, windows-amd64)
# No core dump will be written. Minidumps are not enabled by default on client versions of Windows
#

---------------  S U M M A R Y ------------

Command Line: -XX:TieredStopAtLevel=1 -Dspring.output.ansi.enabled=always -javaagent:D:\Temp\IntelliJ IDEA 2025.3.1\lib\idea_rt.jar=54768 -Dfile.encoding=UTF-8 com.appointment.users.UserServiceApplication

Host: AMD Ryzen 5 5600H with Radeon Graphics         , 12 cores, 7G,  Windows 11 , 64 bit Build 26100 (10.0.26100.7623)
Time: Tue Feb 17 16:13:12 2026 India Standard Time elapsed time: 0.014398 seconds (0d 0h 0m 0s)

---------------  T H R E A D  ---------------

Current thread (0x0000023ec0bc7f10):  JavaThread "Unknown thread" [_thread_in_vm, id=25936, stack(0x000000c68bd00000,0x000000c68be00000)]

Stack: [0x000000c68bd00000,0x000000c68be00000]
Native frames: (J=compiled Java code, j=interpreted, Vv=VM code, C=native code)
V  [jvm.dll+0x683fb9]
V  [jvm.dll+0x83a1b5]
V  [jvm.dll+0x83bc2e]
V  [jvm.dll+0x83c2b3]
V  [jvm.dll+0x248eff]
V  [jvm.dll+0x680d79]
V  [jvm.dll+0x675b7a]
V  [jvm.dll+0x3091a7]
V  [jvm.dll+0x310776]
V  [jvm.dll+0x360bbe]
V  [jvm.dll+0x360dfd]
V  [jvm.dll+0x2e022c]
V  [jvm.dll+0x2e1138]
V  [jvm.dll+0x80c6cb]
V  [jvm.dll+0x36e841]
V  [jvm.dll+0x7eb2a5]
V  [jvm.dll+0x3f444b]
V  [jvm.dll+0x3f5f31]
C  [jli.dll+0x52d0]
C  [ucrtbase.dll+0x37b0]
C  [KERNEL32.DLL+0x2e8d7]
C  [ntdll.dll+0x8c53c]


---------------  P R O C E S S  ---------------

Threads class SMR info:
_java_thread_list=0x00007ffe390e7f58, length=0, elements={
}

Java Threads: ( => current thread )

Other Threads:
  0x0000023ec0c1e9f0 GCTaskThread "GC Thread#0" [stack: 0x000000c68be00000,0x000000c68bf00000] [id=21256]
  0x0000023ec0c2f5f0 ConcurrentGCThread "G1 Main Marker" [stack: 0x000000c68bf00000,0x000000c68c000000] [id=14356]
  0x0000023ec0c321d0 ConcurrentGCThread "G1 Conc#0" [stack: 0x000000c68c000000,0x000000c68c100000] [id=21120]

[error occurred during error reporting (printing all threads), id 0xc0000005, EXCEPTION_ACCESS_VIOLATION (0xc0000005) at pc=0x00007ffe388a0d57]

VM state: not at safepoint (not fully initialized)

VM Mutex/Monitor currently owned by a thread:  ([mutex/lock_event])
[0x0000023ec0bc4100] Heap_lock - owner thread: 0x0000023ec0bc7f10

Heap address: 0x000000008a600000, size: 1882 MB, Compressed Oops mode: 32-bit

CDS archive(s) mapped at: [0x0000000000000000-0x0000000000000000-0x0000000000000000), size 0, SharedBaseAddress: 0x0000000800000000, ArchiveRelocationMode: 1.
Narrow klass base: 0x0000000000000000, Narrow klass shift: 0, Narrow klass range: 0x0

GC Precious Log:
<Empty>

Heap:
 garbage-first heap   total 0K, used 0K [0x000000008a600000, 0x0000000100000000)
  region size 1024K, 0 young (0K), 0 survivors (0K)

[error occurred during error reporting (printing heap information), id 0xc0000005, EXCEPTION_ACCESS_VIOLATION (0xc0000005) at pc=0x00007ffe38c8d5c9]

GC Heap History (0 events):
No events

Dll operation events (1 events):
Event: 0.010 Loaded shared library C:\Program Files\Eclipse Adoptium\jdk-17.0.17.10-hotspot\bin\java.dll

Deoptimization events (0 events):
No events

Classes loaded (0 events):
No events

Classes unloaded (0 events):
No events

Classes redefined (0 events):
No events

Internal exceptions (0 events):
No events

VM Operations (0 events):
No events

Memory protections (0 events):
No events

Nmethod flushes (0 events):
No events

Events (0 events):
No events


Dynamic libraries:
0x00007ff6a9a20000 - 0x00007ff6a9a2e000 	C:\Program Files\Eclipse Adoptium\jdk-17.0.17.10-hotspot\bin\java.exe
0x00007ffe8cc00000 - 0x00007ffe8ce67000 	C:\WINDOWS\SYSTEM32\ntdll.dll
0x00007ffe8c000000 - 0x00007ffe8c0c9000 	C:\WINDOWS\System32\KERNEL32.DLL
0x00007ffe8a5a0000 - 0x00007ffe8a98f000 	C:\WINDOWS\System32\KERNELBASE.dll
0x00007ffe8a080000 - 0x00007ffe8a1cb000 	C:\WINDOWS\System32\ucrtbase.dll
0x00007ffe727b0000 - 0x00007ffe727c8000 	C:\Program Files\Eclipse Adoptium\jdk-17.0.17.10-hotspot\bin\jli.dll
0x00007ffe6a380000 - 0x00007ffe6a39e000 	C:\Program Files\Eclipse Adoptium\jdk-17.0.17.10-hotspot\bin\VCRUNTIME140.dll
0x00007ffe8ac40000 - 0x00007ffe8ae05000 	C:\WINDOWS\System32\USER32.dll
0x00007ffe8a350000 - 0x00007ffe8a377000 	C:\WINDOWS\System32\win32u.dll
0x00007ffe6e1b0000 - 0x00007ffe6e443000 	C:\WINDOWS\WinSxS\amd64_microsoft.windows.common-controls_6595b64144ccf1df_6.0.26100.7309_none_3e05feeae336a044\COMCTL32.dll
0x00007ffe8bb80000 - 0x00007ffe8bc29000 	C:\WINDOWS\System32\msvcrt.dll
0x00007ffe8c4c0000 - 0x00007ffe8c4eb000 	C:\WINDOWS\System32\GDI32.dll
0x00007ffe89f50000 - 0x00007ffe8a07c000 	C:\WINDOWS\System32\gdi32full.dll
0x00007ffe89d50000 - 0x00007ffe89df3000 	C:\WINDOWS\System32\msvcp_win.dll
0x00007ffe8c360000 - 0x00007ffe8c391000 	C:\WINDOWS\System32\IMM32.DLL
0x00007ffe834a0000 - 0x00007ffe834ac000 	C:\Program Files\Eclipse Adoptium\jdk-17.0.17.10-hotspot\bin\vcruntime140_1.dll
0x00007ffe5e110000 - 0x00007ffe5e19d000 	C:\Program Files\Eclipse Adoptium\jdk-17.0.17.10-hotspot\bin\msvcp140.dll
0x00007ffe385b0000 - 0x00007ffe3921b000 	C:\Program Files\Eclipse Adoptium\jdk-17.0.17.10-hotspot\bin\server\jvm.dll
0x00007ffe8be90000 - 0x00007ffe8bf44000 	C:\WINDOWS\System32\ADVAPI32.dll
0x00007ffe8bf50000 - 0x00007ffe8bff6000 	C:\WINDOWS\System32\sechost.dll
0x00007ffe8a9b0000 - 0x00007ffe8aac8000 	C:\WINDOWS\System32\RPCRT4.dll
0x00007ffe8c280000 - 0x00007ffe8c2f4000 	C:\WINDOWS\System32\WS2_32.dll
0x00007ffe88980000 - 0x00007ffe889de000 	C:\WINDOWS\SYSTEM32\POWRPROF.dll
0x00007ffe817e0000 - 0x00007ffe81815000 	C:\WINDOWS\SYSTEM32\WINMM.dll
0x00007ffe88740000 - 0x00007ffe8874b000 	C:\WINDOWS\SYSTEM32\VERSION.dll
0x00007ffe88960000 - 0x00007ffe88974000 	C:\WINDOWS\SYSTEM32\UMPDC.dll
0x00007ffe88b80000 - 0x00007ffe88b9b000 	C:\WINDOWS\SYSTEM32\kernel.appcore.dll
0x00007ffe72990000 - 0x00007ffe7299a000 	C:\Program Files\Eclipse Adoptium\jdk-17.0.17.10-hotspot\bin\jimage.dll
0x00007ffe81f50000 - 0x00007ffe82192000 	C:\WINDOWS\SYSTEM32\DBGHELP.DLL
0x00007ffe8c4f0000 - 0x00007ffe8c876000 	C:\WINDOWS\System32\combase.dll
0x00007ffe8ab60000 - 0x00007ffe8ac36000 	C:\WINDOWS\System32\OLEAUT32.dll
0x00007ffe6daf0000 - 0x00007ffe6db2c000 	C:\WINDOWS\SYSTEM32\dbgcore.DLL
0x00007ffe8a380000 - 0x00007ffe8a425000 	C:\WINDOWS\System32\bcryptPrimitives.dll
0x00007ffe6b970000 - 0x00007ffe6b97e000 	C:\Program Files\Eclipse Adoptium\jdk-17.0.17.10-hotspot\bin\instrument.dll
0x00007ffe5e0e0000 - 0x00007ffe5e105000 	C:\Program Files\Eclipse Adoptium\jdk-17.0.17.10-hotspot\bin\java.dll

dbghelp: loaded successfully - version: 4.0.5 - missing functions: none
symbol engine: initialized successfully - sym options: 0x614 - pdb path: .;C:\Program Files\Eclipse Adoptium\jdk-17.0.17.10-hotspot\bin;C:\WINDOWS\SYSTEM32;C:\WINDOWS\WinSxS\amd64_microsoft.windows.common-controls_6595b64144ccf1df_6.0.26100.7309_none_3e05feeae336a044;C:\Program Files\Eclipse Adoptium\jdk-17.0.17.10-hotspot\bin\server

VM Arguments:
jvm_args: -XX:TieredStopAtLevel=1 -Dspring.output.ansi.enabled=always -javaagent:D:\Temp\IntelliJ IDEA 2025.3.1\lib\idea_rt.jar=54768 -Dfile.encoding=UTF-8 
java_command: com.appointment.users.UserServiceApplication
java_class_path (initial): C:\Users\Himani Manchanda\Downloads\appointment-booking-system\user-service\target\classes;C:\Users\Himani Manchanda\.m2\repository\org\springframework\boot\spring-boot-starter-web\3.2.5\spring-boot-starter-web-3.2.5.jar;C:\Users\Himani Manchanda\.m2\repository\org\springframework\boot\spring-boot-starter\3.2.5\spring-boot-starter-3.2.5.jar;C:\Users\Himani Manchanda\.m2\repository\org\springframework\boot\spring-boot\3.2.5\spring-boot-3.2.5.jar;C:\Users\Himani Manchanda\.m2\repository\org\springframework\boot\spring-boot-autoconfigure\3.2.5\spring-boot-autoconfigure-3.2.5.jar;C:\Users\Himani Manchanda\.m2\repository\org\springframework\boot\spring-boot-starter-logging\3.2.5\spring-boot-starter-logging-3.2.5.jar;C:\Users\Himani Manchanda\.m2\repository\ch\qos\logback\logback-classic\1.4.14\logback-classic-1.4.14.jar;C:\Users\Himani Manchanda\.m2\repository\ch\qos\logback\logback-core\1.4.14\logback-core-1.4.14.jar;C:\Users\Himani Manchanda\.m2\repository\org\apache\logging\log4j\log4j-to-slf4j\2.21.1\log4j-to-slf4j-2.21.1.jar;C:\Users\Himani Manchanda\.m2\repository\org\apache\logging\log4j\log4j-api\2.21.1\log4j-api-2.21.1.jar;C:\Users\Himani Manchanda\.m2\repository\org\slf4j\jul-to-slf4j\2.0.13\jul-to-slf4j-2.0.13.jar;C:\Users\Himani Manchanda\.m2\repository\jakarta\annotation\jakarta.annotation-api\2.1.1\jakarta.annotation-api-2.1.1.jar;C:\Users\Himani Manchanda\.m2\repository\org\yaml\snakeyaml\2.2\snakeyaml-2.2.jar;C:\Users\Himani Manchanda\.m2\repository\org\springframework\boot\spring-boot-starter-json\3.2.5\spring-boot-starter-json-3.2.5.jar;C:\Users\Himani Manchanda\.m2\repository\com\fasterxml\jackson\datatype\jackson-datatype-jdk8\2.15.4\jackson-datatype-jdk8-2.15.4.jar;C:\Users\Himani Manchanda\.m2\repository\com\fasterxml\jackson\datatype\jackson-datatype-jsr310\2.15.4\jackson-datatype-jsr310-2.15.4.jar;C:\Users\Himani Manchanda\.m2\repository\com\fasterxml\jackson\module\jackson-module-parameter-names\2.15.4\jackson-module-
Launcher Type: SUN_STANDARD

[Global flags]
     intx CICompilerCount                          = 4                                         {product} {ergonomic}
     uint ConcGCThreads                            = 3                                         {product} {ergonomic}
     uint G1ConcRefinementThreads                  = 10                                        {product} {ergonomic}
   size_t G1HeapRegionSize                         = 1048576                                   {product} {ergonomic}
    uintx GCDrainStackTargetSize                   = 64                                        {product} {ergonomic}
   size_t InitialHeapSize                          = 123731968                                 {product} {ergonomic}
   size_t MarkStackSize                            = 4194304                                   {product} {ergonomic}
   size_t MaxHeapSize                              = 1973420032                                {product} {ergonomic}
   size_t MinHeapDeltaBytes                        = 1048576                                   {product} {ergonomic}
   size_t MinHeapSize                              = 8388608                                   {product} {ergonomic}
    uintx NonProfiledCodeHeapSize                  = 0                                      {pd product} {ergonomic}
     bool ProfileInterpreter                       = false                                  {pd product} {command line}
    uintx ProfiledCodeHeapSize                     = 0                                      {pd product} {ergonomic}
   size_t SoftMaxHeapSize                          = 1973420032                             {manageable} {ergonomic}
     intx TieredStopAtLevel                        = 1                                         {product} {command line}
     bool UseCompressedClassPointers               = true                           {product lp64_product} {ergonomic}
     bool UseCompressedOops                        = true                           {product lp64_product} {ergonomic}
     bool UseG1GC                                  = true                                      {product} {ergonomic}
     bool UseLargePagesIndividualAllocation        = false                                  {pd product} {ergonomic}

Logging:
Log output configuration:
 #0: stdout all=warning uptime,level,tags
 #1: stderr all=off uptime,level,tags

Environment Variables:
PATH=C:\Program Files\Eclipse Adoptium\jdk-17.0.17.10-hotspot\bin;C:\Program Files\Eclipse Adoptium\jdk-25.0.1.8-hotspot\bin;C:\Python313\Scripts\;C:\Python313\;C:\Program Files (x86)\CambridgeSoft\ChemOffice2015\ChemScript\Lib;C:\windows\system32;C:\windows;C:\windows\System32\Wbem;C:\windows\System32\WindowsPowerShell\v1.0\;C:\windows\System32\OpenSSH\;C:\Program Files (x86)\NVIDIA Corporation\PhysX\Common;C:\Program Files\NVIDIA Corporation\NVIDIA NvDLISR;C:\Program Files\Cloudflare\Cloudflare WARP\;C:\Program Files\dotnet\;C:\WINDOWS\system32;C:\WINDOWS;C:\WINDOWS\System32\Wbem;C:\WINDOWS\System32\WindowsPowerShell\v1.0\;C:\WINDOWS\System32\OpenSSH\;C:\ProgramData\chocolatey\bin;C:\MinGW\bin;C:\flutter\bin;C:\Program Files\nodejs\;C:\Program Files\Git\cmd;C:\Program Files\Git\bin;C:\xampp\php;C:\Users\Himani Manchanda\Downloads\apache-maven-3.9.12-bin\apache-maven-3.9.12\bin
USERNAME=Himani Manchanda
OS=Windows_NT
PROCESSOR_IDENTIFIER=AMD64 Family 25 Model 80 Stepping 0, AuthenticAMD
TMP=C:\Users\HIMANI~1\AppData\Local\Temp
TEMP=C:\Users\HIMANI~1\AppData\Local\Temp



Periodic native trim disabled


---------------  S Y S T E M  ---------------

OS:
 Windows 11 , 64 bit Build 26100 (10.0.26100.7623)
OS uptime: 0 days 16:09 hours

CPU: total 12 (initial active 12) (12 cores per cpu, 2 threads per core) family 25 model 80 stepping 0 microcode 0xa50000d, cx8, cmov, fxsr, ht, mmx, 3dnowpref, sse, sse2, sse3, ssse3, sse4a, sse4.1, sse4.2, popcnt, lzcnt, tsc, tscinvbit, avx, avx2, aes, erms, clmul, bmi1, bmi2, adx, sha, fma, vzeroupper, clflush, clflushopt
Processor Information for processor 0
  Max Mhz: 3301, Current Mhz: 3301, Mhz Limit: 3301
Processor Information for processor 1
  Max Mhz: 3301, Current Mhz: 1805, Mhz Limit: 3301
Processor Information for processor 2
  Max Mhz: 3301, Current Mhz: 3301, Mhz Limit: 3301
Processor Information for processor 3
  Max Mhz: 3301, Current Mhz: 1805, Mhz Limit: 3301
Processor Information for processor 4
  Max Mhz: 3301, Current Mhz: 3301, Mhz Limit: 3301
Processor Information for processor 5
  Max Mhz: 3301, Current Mhz: 3301, Mhz Limit: 3301
Processor Information for processor 6
  Max Mhz: 3301, Current Mhz: 3301, Mhz Limit: 3301
Processor Information for processor 7
  Max Mhz: 3301, Current Mhz: 3301, Mhz Limit: 3301
Processor Information for processor 8
  Max Mhz: 3301, Current Mhz: 3301, Mhz Limit: 3301
Processor Information for processor 9
  Max Mhz: 3301, Current Mhz: 3301, Mhz Limit: 3301
Processor Information for processor 10
  Max Mhz: 3301, Current Mhz: 3301, Mhz Limit: 3301
Processor Information for processor 11
  Max Mhz: 3301, Current Mhz: 3301, Mhz Limit: 3301

Memory: 4k page, system-wide physical 7521M (822M free)
TotalPageFile size 18387M (AvailPageFile size 43M)
current process WorkingSet (physical memory assigned to process): 13M, peak: 13M
current process commit charge ("private bytes"): 59M, peak: 177M

vm_info: OpenJDK 64-Bit Server VM (17.0.17+10) for windows-amd64 JRE (17.0.17+10), built on Oct 21 2025 23:25:32 by "admin" with unknown MS VC++:1942

END.
